<?xml version="1.0" encoding="UTF-8"?>
<testng-results skipped="0" failed="0" ignored="0" total="1" passed="1">
  <reporter-output>
  </reporter-output>
  <suite name="Default suite" duration-ms="16572" started-at="2017-11-28T09:39:59Z" finished-at="2017-11-28T09:40:15Z">
    <groups>
    </groups>
    <test name="Modules" duration-ms="16556" started-at="2017-11-28T09:39:59Z" finished-at="2017-11-28T09:40:15Z">
      <class name="com.incture.proj.testNg.TestingGenericActions">
        <test-method status="PASS" signature="testingGenericMethods()[pri:0, instance:com.incture.proj.testNg.TestingGenericActions@9629756]" name="testingGenericMethods" duration-ms="16277" started-at="2017-11-28T15:09:59Z" finished-at="2017-11-28T15:10:15Z">
          <reporter-output>
          </reporter-output>
        </test-method> <!-- testingGenericMethods -->
      </class> <!-- com.incture.proj.testNg.TestingGenericActions -->
    </test> <!-- Modules -->
    <test name="Modules2" duration-ms="0" started-at="2017-11-28T09:40:15Z" finished-at="2017-11-28T09:40:15Z">
    </test> <!-- Modules2 -->
  </suite> <!-- Default suite -->
</testng-results>
